main:
	esr 18
	iloadc 0
	istore 0
	iloadc 1
	istore 1
	iloadc 2
	istore 2

1_while:
	iload_0
	iload_1
	ilt
	branch_f 2_end
	isrg
	iload_0
	jsre 0
	isrg
	iloadc 2
	jsre 0
	iload_0
	iload_2
	iadd
	istore 0
	jump 1_while
2_end:

	isrg
	iloadc 2
	jsre 0
	iloadc 1
	istore 3
	iloadc 0
	istore 4
	iloadc 2
	ineg
	istore 5

3_while:
	iload_3
	iload 4
	ilt
	branch_f 4_end
	isrg
	iload_3
	jsre 0
	isrg
	iloadc 2
	jsre 0
	iload_3
	iload 5
	iadd
	istore 3
	jump 3_while
4_end:

	isrg
	iloadc 2
	jsre 0
	iloadc 0
	istore 6
	iloadc 1
	istore 7
	iloadc 3
	istore 8

5_while:
	iload 6
	iload 7
	ilt
	branch_f 6_end
	isrg
	iload 6
	jsre 0
	isrg
	iloadc 2
	jsre 0
	iload 6
	iload 8
	iadd
	istore 6
	jump 5_while
6_end:

	isrg
	iloadc 2
	jsre 0
	iloadc 4
	istore 9
	iloadc 0
	istore 10
	iloadc 5
	ineg
	istore 11

7_while:
	iload 9
	iload 10
	ilt
	branch_f 8_end
	isrg
	iload 9
	jsre 0
	isrg
	iloadc 2
	jsre 0
	iload 9
	iload 11
	iadd
	istore 9
	jump 7_while
8_end:

	iloadc 0
	istore 12
	iloadc 6
	istore 13
	iloadc 2
	istore 14

9_while:
	iload 12
	iload 13
	ilt
	branch_f 10_end
	iloadc 0
	istore 15
	iloadc 7
	istore 16
	iloadc 2
	istore 17

11_while:
	iload 15
	iload 16
	ilt
	branch_f 12_end
	isrg
	iload 12
	jsre 0
	isrg
	iloadc 2
	jsre 0
	isrg
	iload 15
	jsre 0
	isrg
	iloadc 2
	jsre 0
	iload 15
	iload 17
	iadd
	istore 15
	jump 11_while
12_end:

	isrg
	iloadc 2
	jsre 0
	iload 12
	iload 14
	iadd
	istore 12
	jump 9_while
10_end:

	iloadc 0
	ireturn

.const int 0
.const int 10
.const int 1
.const int 2
.const int 7
.const int 3
.const int 5
.const int 4
.exportfun "main" int  main
.importfun "printInt" void  int
.importfun "printSpaces" void  int
.importfun "printNewlines" void  int
